1: 0.5170155000
1024: 0.1270495000
2048: 0.0875930000
4096: 0.0993525000
8192: 0.1059515000
16384: 0.1332460000
32768: 0.1661505000
65536: 0.2117005000
131072: 0.2158390000
262144: 0.4134820000
524288: 1.1260640000
1048576: 2.0337395000
2097152: 2.4503530000
4194304: 5.0002200000
8388608: 9.1989560000
16777216: 33.3544995000
33554432: 80.4310070000
67108864: 163.5816745000
134217728: 340.2193980000
268435456: 740.2290300000
536870912: 1505.7352540000
1073741824: 3105.6348995000
2147483648: 5894.6789495000
4294967296: 12239.2863505000
