1: 0.0009222879
1024: 3.8432362977
2048: 11.1488646353
4096: 19.6585390403
8192: 36.8682840734
16384: 58.6321540609
32768: 94.0412457381
65536: 147.6142002499
131072: 289.5676870260
262144: 302.3106205349
524288: 222.0122479717
1048576: 245.8525292939
2097152: 408.1044649485
4194304: 399.9824007744
8388608: 434.8319526694
16777216: 239.8477003080
33554432: 198.9282566113
67108864: 195.6209342997
134217728: 188.1139064269
268435456: 172.9194544018
536870912: 170.0166077137
1073741824: 164.8616197874
2147483648: 173.7159917907
4294967296: 167.3300175640
